<?xml version="1.0" encoding="UTF-8"?><testsuite errors="1" failures="0" name="Travelocity" skipped="0" tests="1" time="31.88" timestamp="2021-03-30 09:43:13"><testcase name="Viaje ida y vuelta"><error message="element click intercepted: Element &lt;button data-stid=&quot;date-picker-paging&quot; type=&quot;button&quot; class=&quot;uitk-button uitk-button-small uitk-flex-item uitk-button-paging&quot; disabled=&quot;&quot;&gt;...&lt;/button&gt; is not clickable at point (602, 360). Other element would receive the click: &lt;div class=&quot;uitk-flex uitk-flex-justify-content-space-between uitk-date-picker-menu-pagination-container&quot;&gt;...&lt;/div&gt;&#10;  (Session info: chrome=89.0.4389.90)&#10;Build info: version: '3.141.59', revision: 'e82be7d358', time: '2018-11-14T08:17:03'&#10;System info: host: 'CHBOGPF0HG89T', ip: '192.168.1.5', os.name: 'Windows 10', os.arch: 'amd64', os.version: '10.0', java.version: '1.8.0_231'&#10;Driver info: org.openqa.selenium.chrome.ChromeDriver&#10;Capabilities {acceptInsecureCerts: true, browserName: chrome, browserVersion: 89.0.4389.90, chrome: {chromedriverVersion: 89.0.4389.23 (61b08ee2c5002..., userDataDir: C:\Users\lvaldezg\AppData\L...}, goog:chromeOptions: {debuggerAddress: localhost:64354}, javascriptEnabled: true, networkConnectionEnabled: false, pageLoadStrategy: normal, platform: WINDOWS, platformName: WINDOWS, proxy: Proxy(), setWindowRect: true, strictFileInteractability: false, timeouts: {implicit: 0, pageLoad: 300000, script: 30000}, unhandledPromptBehavior: dismiss and notify, webauthn:extension:largeBlob: true, webauthn:virtualAuthenticators: true}&#10;Session ID: eb34f66a1575721784416405c4db7222" type="org.openqa.selenium.ElementClickInterceptedException">element click intercepted: Element &lt;button data-stid="date-picker-paging" type="button" class="uitk-button uitk-button-small uitk-flex-item uitk-button-paging" disabled=""&gt;...&lt;/button&gt; is not clickable at point (602, 360). Other element would receive the click: &lt;div class="uitk-flex uitk-flex-justify-content-space-between uitk-date-picker-menu-pagination-container"&gt;...&lt;/div&gt;
  (Session info: chrome=89.0.4389.90)
Build info: version: '3.141.59', revision: 'e82be7d358', time: '2018-11-14T08:17:03'
System info: host: 'CHBOGPF0HG89T', ip: '192.168.1.5', os.name: 'Windows 10', os.arch: 'amd64', os.version: '10.0', java.version: '1.8.0_231'
Driver info: org.openqa.selenium.chrome.ChromeDriver
Capabilities {acceptInsecureCerts: true, browserName: chrome, browserVersion: 89.0.4389.90, chrome: {chromedriverVersion: 89.0.4389.23 (61b08ee2c5002..., userDataDir: C:\Users\lvaldezg\AppData\L...}, goog:chromeOptions: {debuggerAddress: localhost:64354}, javascriptEnabled: true, networkConnectionEnabled: false, pageLoadStrategy: normal, platform: WINDOWS, platformName: WINDOWS, proxy: Proxy(), setWindowRect: true, strictFileInteractability: false, timeouts: {implicit: 0, pageLoad: 300000, script: 30000}, unhandledPromptBehavior: dismiss and notify, webauthn:extension:largeBlob: true, webauthn:virtualAuthenticators: true}
Session ID: eb34f66a1575721784416405c4db7222</error><system-err>element click intercepted: Element &lt;button data-stid="date-picker-paging" type="button" class="uitk-button uitk-button-small uitk-flex-item uitk-button-paging" disabled=""&gt;...&lt;/button&gt; is not clickable at point (602, 360). Other element would receive the click: &lt;div class="uitk-flex uitk-flex-justify-content-space-between uitk-date-picker-menu-pagination-container"&gt;...&lt;/div&gt;
  (Session info: chrome=89.0.4389.90)
Build info: version: '3.141.59', revision: 'e82be7d358', time: '2018-11-14T08:17:03'
System info: host: 'CHBOGPF0HG89T', ip: '192.168.1.5', os.name: 'Windows 10', os.arch: 'amd64', os.version: '10.0', java.version: '1.8.0_231'
Driver info: org.openqa.selenium.chrome.ChromeDriver
Capabilities {acceptInsecureCerts: true, browserName: chrome, browserVersion: 89.0.4389.90, chrome: {chromedriverVersion: 89.0.4389.23 (61b08ee2c5002..., userDataDir: C:\Users\lvaldezg\AppData\L...}, goog:chromeOptions: {debuggerAddress: localhost:64354}, javascriptEnabled: true, networkConnectionEnabled: false, pageLoadStrategy: normal, platform: WINDOWS, platformName: WINDOWS, proxy: Proxy(), setWindowRect: true, strictFileInteractability: false, timeouts: {implicit: 0, pageLoad: 300000, script: 30000}, unhandledPromptBehavior: dismiss and notify, webauthn:extension:largeBlob: true, webauthn:virtualAuthenticators: true}
Session ID: eb34f66a1575721784416405c4db7222&#13;
tasks.FlightDestination.performAs(FlightDestination.java:57)&#13;
stepdefinitions.travelocityStepDefinitions.cliente_selecciona(travelocityStepDefinitions.java:46)&#13;
io.cucumber.java.Invoker.doInvoke(Invoker.java:66)&#13;
io.cucumber.java.Invoker.invoke(Invoker.java:24)&#13;
io.cucumber.java.AbstractGlueDefinition.invokeMethod(AbstractGlueDefinition.java:47)&#13;
io.cucumber.java.JavaStepDefinition.execute(JavaStepDefinition.java:29)&#13;
io.cucumber.core.runner.CoreStepDefinition.execute(CoreStepDefinition.java:66)&#13;
io.cucumber.core.runner.PickleStepDefinitionMatch.runStep(PickleStepDefinitionMatch.java:63)&#13;
io.cucumber.core.runner.TestStep.executeStep(TestStep.java:92)&#13;
io.cucumber.core.runner.TestStep.run(TestStep.java:63)&#13;
io.cucumber.core.runner.PickleStepTestStep.run(PickleStepTestStep.java:49)&#13;
io.cucumber.core.runner.TestCase.run(TestCase.java:99)&#13;
io.cucumber.core.runner.Runner.runPickle(Runner.java:71)&#13;
io.cucumber.junit.FeatureRunner.runChild(FeatureRunner.java:135)&#13;
io.cucumber.junit.FeatureRunner.runChild(FeatureRunner.java:27)&#13;
io.cucumber.junit.CucumberSerenityRunner.runChild(CucumberSerenityRunner.java:234)&#13;
io.cucumber.junit.CucumberSerenityRunner.runChild(CucumberSerenityRunner.java:57)&#13;
runner.RunnerTags.subrunner(RunnerTags.java:30)&#13;
</system-err></testcase></testsuite>