<?xml version="1.0" encoding="UTF-8"?><testsuite errors="0" failures="1" name="maxtime" skipped="0" tests="1" time="29.13" timestamp="2021-03-29 07:14:35"><testcase name="Reporte Maxtime"><failure message="&#10;Expected: an element that is visible&#10;     but: no matching element found by xpath: //*[@id='Vertical_v1_LE_v2_DXMainTable']//tr[contains(@id,'Vertical_v1_LE_v2_DXDataRow')]//span[contains(@id,'Vertical_v1_LE_v2_cell0_0_xaf_Fecha_View')]" type="java.lang.AssertionError">
Expected: an element that is visible
     but: no matching element found by xpath: //*[@id='Vertical_v1_LE_v2_DXMainTable']//tr[contains(@id,'Vertical_v1_LE_v2_DXDataRow')]//span[contains(@id,'Vertical_v1_LE_v2_cell0_0_xaf_Fecha_View')]</failure><system-err>
Expected: an element that is visible
     but: no matching element found by xpath: //*[@id='Vertical_v1_LE_v2_DXMainTable']//tr[contains(@id,'Vertical_v1_LE_v2_DXDataRow')]//span[contains(@id,'Vertical_v1_LE_v2_cell0_0_xaf_Fecha_View')]&#13;
tasks.selectReportNew.performAs(selectReportNew.java:32)&#13;
stepdefinitions.stepDefinitionsMaxtime.el_selecciona_el_dia_a_registar(stepDefinitionsMaxtime.java:49)&#13;
io.cucumber.java.Invoker.doInvoke(Invoker.java:66)&#13;
io.cucumber.java.Invoker.invoke(Invoker.java:24)&#13;
io.cucumber.java.AbstractGlueDefinition.invokeMethod(AbstractGlueDefinition.java:47)&#13;
io.cucumber.java.JavaStepDefinition.execute(JavaStepDefinition.java:29)&#13;
io.cucumber.core.runner.CoreStepDefinition.execute(CoreStepDefinition.java:66)&#13;
io.cucumber.core.runner.PickleStepDefinitionMatch.runStep(PickleStepDefinitionMatch.java:63)&#13;
io.cucumber.core.runner.TestStep.executeStep(TestStep.java:92)&#13;
io.cucumber.core.runner.TestStep.run(TestStep.java:63)&#13;
io.cucumber.core.runner.PickleStepTestStep.run(PickleStepTestStep.java:49)&#13;
io.cucumber.core.runner.TestCase.run(TestCase.java:99)&#13;
io.cucumber.core.runner.Runner.runPickle(Runner.java:71)&#13;
io.cucumber.junit.FeatureRunner.runChild(FeatureRunner.java:135)&#13;
io.cucumber.junit.FeatureRunner.runChild(FeatureRunner.java:27)&#13;
io.cucumber.junit.CucumberSerenityRunner.runChild(CucumberSerenityRunner.java:234)&#13;
io.cucumber.junit.CucumberSerenityRunner.runChild(CucumberSerenityRunner.java:57)&#13;
runner.RunnerTags.subrunner(RunnerTags.java:30)&#13;
org.eclipse.jdt.internal.junit4.runner.JUnit4TestReference.run(JUnit4TestReference.java:86)&#13;
org.eclipse.jdt.internal.junit.runner.TestExecution.run(TestExecution.java:38)&#13;
org.eclipse.jdt.internal.junit.runner.RemoteTestRunner.runTests(RemoteTestRunner.java:538)&#13;
org.eclipse.jdt.internal.junit.runner.RemoteTestRunner.runTests(RemoteTestRunner.java:760)&#13;
org.eclipse.jdt.internal.junit.runner.RemoteTestRunner.run(RemoteTestRunner.java:460)&#13;
org.eclipse.jdt.internal.junit.runner.RemoteTestRunner.main(RemoteTestRunner.java:206)&#13;
</system-err></testcase></testsuite>